Using pre-set license
Built from '2021.3/staging' branch; Version is '2021.3.10f1 (1c7d0df0160b) revision 1867021'; Using compiler version '192829333'; Build Type 'Release'
OS: 'Windows 10  (10.0.19042) 64bit Professional' Language: 'en' Physical Memory: 8102 MB
BatchMode: 1, IsHumanControllingUs: 0, StartBugReporterOnCrash: 0, Is64bit: 1, IsPro: 1

COMMAND LINE ARGUMENTS:
C:\Program Files\Unity\Hub\Editor\2021.3.10f1\Editor\Unity.exe
-adb2
-batchMode
-noUpm
-name
AssetImportWorker1
-projectPath
D:/GI493
-logFile
Logs/AssetImportWorker1.log
-srvPort
1150
Successfully changed project path to: D:/GI493
D:/GI493
[UnityMemory] Configuration Parameters - Can be set up in boot.config
    "memorysetup-bucket-allocator-granularity=16"
    "memorysetup-bucket-allocator-bucket-count=8"
    "memorysetup-bucket-allocator-block-size=33554432"
    "memorysetup-bucket-allocator-block-count=8"
    "memorysetup-main-allocator-block-size=16777216"
    "memorysetup-thread-allocator-block-size=16777216"
    "memorysetup-gfx-main-allocator-block-size=16777216"
    "memorysetup-gfx-thread-allocator-block-size=16777216"
    "memorysetup-cache-allocator-block-size=4194304"
    "memorysetup-typetree-allocator-block-size=2097152"
    "memorysetup-profiler-bucket-allocator-granularity=16"
    "memorysetup-profiler-bucket-allocator-bucket-count=8"
    "memorysetup-profiler-bucket-allocator-block-size=33554432"
    "memorysetup-profiler-bucket-allocator-block-count=8"
    "memorysetup-profiler-allocator-block-size=16777216"
    "memorysetup-profiler-editor-allocator-block-size=1048576"
    "memorysetup-temp-allocator-size-main=16777216"
    "memorysetup-job-temp-allocator-block-size=2097152"
    "memorysetup-job-temp-allocator-block-size-background=1048576"
    "memorysetup-job-temp-allocator-reduction-small-platforms=262144"
    "memorysetup-temp-allocator-size-background-worker=32768"
    "memorysetup-temp-allocator-size-job-worker=262144"
    "memorysetup-temp-allocator-size-preload-manager=33554432"
    "memorysetup-temp-allocator-size-nav-mesh-worker=65536"
    "memorysetup-temp-allocator-size-audio-worker=65536"
    "memorysetup-temp-allocator-size-cloud-worker=32768"
    "memorysetup-temp-allocator-size-gi-baking-worker=262144"
    "memorysetup-temp-allocator-size-gfx=262144"
Refreshing native plugins compatible for Editor in 141.45 ms, found 3 plugins.
Preloading 0 native plugins for Editor in 0.00 ms.
Initialize engine version: 2021.3.10f1 (1c7d0df0160b)
[Subsystems] Discovering subsystems at path C:/Program Files/Unity/Hub/Editor/2021.3.10f1/Editor/Data/Resources/UnitySubsystems
[Subsystems] Discovering subsystems at path D:/GI493/Assets
GfxDevice: creating device client; threaded=0; jobified=0
Direct3D:
    Version:  Direct3D 11.0 [level 11.1]
    Renderer: Intel(R) HD Graphics 530 (ID=0x1912)
    Vendor:   Intel
    VRAM:     4051 MB
    Driver:   21.20.16.4590
Initialize mono
Mono path[0] = 'C:/Program Files/Unity/Hub/Editor/2021.3.10f1/Editor/Data/Managed'
Mono path[1] = 'C:/Program Files/Unity/Hub/Editor/2021.3.10f1/Editor/Data/MonoBleedingEdge/lib/mono/unityjit-win32'
Mono config path = 'C:/Program Files/Unity/Hub/Editor/2021.3.10f1/Editor/Data/MonoBleedingEdge/etc'
Using monoOptions --debugger-agent=transport=dt_socket,embedding=1,server=y,suspend=n,address=127.0.0.1:56484
Begin MonoManager ReloadAssembly
Registering precompiled unity dll's ...
Register platform support module: C:/Program Files/Unity/Hub/Editor/2021.3.10f1/Editor/Data/PlaybackEngines/WebGLSupport/UnityEditor.WebGL.Extensions.dll
Register platform support module: C:/Program Files/Unity/Hub/Editor/2021.3.10f1/Editor/Data/PlaybackEngines/AndroidPlayer/UnityEditor.Android.Extensions.dll
Register platform support module: C:/Program Files/Unity/Hub/Editor/2021.3.10f1/Editor/Data/PlaybackEngines/iOSSupport/UnityEditor.iOS.Extensions.dll
Register platform support module: C:/Program Files/Unity/Hub/Editor/2021.3.10f1/Editor/Data/PlaybackEngines/WindowsStandaloneSupport/UnityEditor.WindowsStandalone.Extensions.dll
Registered in 0.408182 seconds.
Native extension for WindowsStandalone target not found
[usbmuxd] Start listen thread
[usbmuxd] Listen thread started
[usbmuxd] Send listen message
Native extension for iOS target not found
Native extension for Android target not found
Native extension for WebGL target not found
Refreshing native plugins compatible for Editor in 77.11 ms, found 3 plugins.
Preloading 0 native plugins for Editor in 0.00 ms.
Mono: successfully reloaded assembly
- Completed reload, in  5.894 seconds
Domain Reload Profiling:
	ReloadAssembly (5895ms)
		BeginReloadAssembly (3540ms)
			ExecutionOrderSort (0ms)
			DisableScriptedObjects (0ms)
			BackupInstance (0ms)
			ReleaseScriptingObjects (0ms)
			CreateAndSetChildDomain (1ms)
		EndReloadAssembly (1601ms)
			LoadAssemblies (3551ms)
			RebuildTransferFunctionScriptingTraits (0ms)
			SetupTypeCache (1051ms)
			ReleaseScriptCaches (0ms)
			RebuildScriptCaches (36ms)
			SetupLoadedEditorAssemblies (433ms)
				LogAssemblyErrors (0ms)
				InitializePlatformSupportModulesInManaged (181ms)
				SetLoadedEditorAssemblies (0ms)
				RefreshPlugins (77ms)
				BeforeProcessingInitializeOnLoad (1ms)
				ProcessInitializeOnLoadAttributes (121ms)
				ProcessInitializeOnLoadMethodAttributes (53ms)
				AfterProcessingInitializeOnLoad (0ms)
				EditorAssembliesLoaded (0ms)
			ExecutionOrderSort2 (0ms)
			AwakeInstancesAfterBackupRestoration (0ms)
Platform modules already initialized, skipping
Registering precompiled user dll's ...
Registered in 0.004623 seconds.
Begin MonoManager ReloadAssembly
Symbol file LoadedFromMemory doesn't match image D:\GI493\Library\PackageCache\com.unity.visualscripting@1.7.8\Editor\VisualScripting.Core\Dependencies\YamlDotNet\Unity.VisualScripting.YamlDotNet.dll
Symbol file LoadedFromMemory doesn't match image D:\GI493\Library\PackageCache\com.unity.visualscripting@1.7.8\Editor\VisualScripting.Core\Dependencies\DotNetZip\Unity.VisualScripting.IonicZip.dll
Native extension for WindowsStandalone target not found
Native extension for iOS target not found
Native extension for Android target not found
Native extension for WebGL target not found
Refreshing native plugins compatible for Editor in 1.33 ms, found 3 plugins.
Preloading 0 native plugins for Editor in 0.00 ms.
Mono: successfully reloaded assembly
- Completed reload, in  5.073 seconds
Domain Reload Profiling:
	ReloadAssembly (5074ms)
		BeginReloadAssembly (259ms)
			ExecutionOrderSort (0ms)
			DisableScriptedObjects (8ms)
			BackupInstance (0ms)
			ReleaseScriptingObjects (0ms)
			CreateAndSetChildDomain (137ms)
		EndReloadAssembly (4626ms)
			LoadAssemblies (2178ms)
			RebuildTransferFunctionScriptingTraits (0ms)
			SetupTypeCache (911ms)
			ReleaseScriptCaches (1ms)
			RebuildScriptCaches (61ms)
			SetupLoadedEditorAssemblies (1447ms)
				LogAssemblyErrors (0ms)
				InitializePlatformSupportModulesInManaged (32ms)
				SetLoadedEditorAssemblies (1ms)
				RefreshPlugins (1ms)
				BeforeProcessingInitializeOnLoad (89ms)
				ProcessInitializeOnLoadAttributes (310ms)
				ProcessInitializeOnLoadMethodAttributes (1003ms)
				AfterProcessingInitializeOnLoad (11ms)
				EditorAssembliesLoaded (0ms)
			ExecutionOrderSort2 (0ms)
			AwakeInstancesAfterBackupRestoration (7ms)
Platform modules already initialized, skipping
========================================================================
Worker process is ready to serve import requests
Launched and connected shader compiler UnityShaderCompiler.exe after 0.10 seconds
Refreshing native plugins compatible for Editor in 0.94 ms, found 3 plugins.
Preloading 0 native plugins for Editor in 0.00 ms.
Unloading 3219 Unused Serialized files (Serialized files now loaded: 0)
Unloading 24 unused Assets / (56.0 KB). Loaded Objects now: 3679.
Memory consumption went from 109.9 MB to 109.8 MB.
Total: 4.940200 ms (FindLiveObjects: 0.337900 ms CreateObjectMapping: 0.313300 ms MarkObjects: 4.195300 ms  DeleteObjects: 0.092600 ms)

AssetImportParameters requested are different than current active one (requested -> active):
  custom:video-decoder-ogg-theora: a1e56fd34408186e4bbccfd4996cb3dc -> 
  custom:container-muxer-webm: aa71ff27fc2769a1b78a27578f13a17b -> 
  custom:container-demuxer-webm: 4f35f7cbe854078d1ac9338744f61a02 -> 
  custom:video-encoder-webm-vp8: eb34c28f22e8b96e1ab97ce403110664 -> 
  custom:video-codec-MediaFoundation-h265: 746d11721c4dcdbdad8f713fa42b33f4 -> 
  custom:audio-encoder-webm-vorbis: bf7c407c2cedff20999df2af8eb42d56 -> 
  custom:framework-win-MediaFoundation: 216162199b28c13a410421893ffa2e32 -> 
  custom:container-demuxer-ogg: 62fdf1f143b41e24485cea50d1cbac27 -> 
  custom:video-decoder-webm-vp8: 9c59270c3fd7afecdb556c50c9e8de78 -> 
  custom:audio-decoder-ogg-vorbis: bf7c407c2cedff20999df2af8eb42d56 -> 
========================================================================
Received Import Request.
  Time since last request: 1120.939441 seconds.
  path: Assets/Sprites/queen_of_spades2.png
  artifactKey: Guid(c1316ee030837b4449596bf8368317d9) Importer(815301076,1909f56bfc062723c751e8b465ee728b)
Start importing Assets/Sprites/queen_of_spades2.png using Guid(c1316ee030837b4449596bf8368317d9) Importer(815301076,1909f56bfc062723c751e8b465ee728b)  -> (artifact id: '718bd16fa8ce26b6513366e7287be780') in 0.164806 seconds 
========================================================================
Received Import Request.
  Time since last request: 0.000021 seconds.
  path: Assets/Sprites/5_of_diamonds.png
  artifactKey: Guid(7c89bf77e516ae546a3af8f4fcb64d0c) Importer(815301076,1909f56bfc062723c751e8b465ee728b)
Start importing Assets/Sprites/5_of_diamonds.png using Guid(7c89bf77e516ae546a3af8f4fcb64d0c) Importer(815301076,1909f56bfc062723c751e8b465ee728b)  -> (artifact id: '7b006e9daf8fda69cc05f4dd4aea6f92') in 0.045498 seconds 
========================================================================
Received Import Request.
  Time since last request: 0.000044 seconds.
  path: Assets/Sprites/3_of_hearts.png
  artifactKey: Guid(03543a711a10d6a4899e62d1afc82051) Importer(815301076,1909f56bfc062723c751e8b465ee728b)
Start importing Assets/Sprites/3_of_hearts.png using Guid(03543a711a10d6a4899e62d1afc82051) Importer(815301076,1909f56bfc062723c751e8b465ee728b)  -> (artifact id: '791127990ea6293b0ba448f27bbc11e1') in 0.034113 seconds 
========================================================================
Received Import Request.
  Time since last request: 0.000033 seconds.
  path: Assets/Sprites/jack_of_spades2.png
  artifactKey: Guid(5940834ea880f5843952eaf2393362ef) Importer(815301076,1909f56bfc062723c751e8b465ee728b)
Start importing Assets/Sprites/jack_of_spades2.png using Guid(5940834ea880f5843952eaf2393362ef) Importer(815301076,1909f56bfc062723c751e8b465ee728b)  -> (artifact id: '44e38d187877f24ff6f1b06e2f963d13') in 0.045706 seconds 
========================================================================
Received Import Request.
  Time since last request: 0.000026 seconds.
  path: Assets/Sprites/2_of_diamonds.png
  artifactKey: Guid(9bfe6cf68cd0ce44da32f078acd62170) Importer(815301076,1909f56bfc062723c751e8b465ee728b)
Start importing Assets/Sprites/2_of_diamonds.png using Guid(9bfe6cf68cd0ce44da32f078acd62170) Importer(815301076,1909f56bfc062723c751e8b465ee728b)  -> (artifact id: '9e1bc6e1969b5ac9225201051f7184b5') in 0.046168 seconds 
========================================================================
Received Import Request.
  Time since last request: 0.000022 seconds.
  path: Assets/Sprites/ace_of_diamonds.png
  artifactKey: Guid(9e2da4bd3e4caac4786828c3ca585e92) Importer(815301076,1909f56bfc062723c751e8b465ee728b)
Start importing Assets/Sprites/ace_of_diamonds.png using Guid(9e2da4bd3e4caac4786828c3ca585e92) Importer(815301076,1909f56bfc062723c751e8b465ee728b)  -> (artifact id: 'a6b5ffb531b34b7744510ca4ad721c4f') in 0.028369 seconds 
========================================================================
Received Import Request.
  Time since last request: 0.000038 seconds.
  path: Assets/Sprites/jack_of_clubs.png
  artifactKey: Guid(08b610dce129cc14d8260ba641ceab97) Importer(815301076,1909f56bfc062723c751e8b465ee728b)
Start importing Assets/Sprites/jack_of_clubs.png using Guid(08b610dce129cc14d8260ba641ceab97) Importer(815301076,1909f56bfc062723c751e8b465ee728b)  -> (artifact id: 'bbffcaa6b5a013c5b1f69398f55ff8d3') in 0.030877 seconds 
========================================================================
Received Import Request.
  Time since last request: 0.000021 seconds.
  path: Assets/Sprites/queen_of_diamonds.png
  artifactKey: Guid(5608d16aa1616ad448b672eac80d61b4) Importer(815301076,1909f56bfc062723c751e8b465ee728b)
Start importing Assets/Sprites/queen_of_diamonds.png using Guid(5608d16aa1616ad448b672eac80d61b4) Importer(815301076,1909f56bfc062723c751e8b465ee728b)  -> (artifact id: '551c0e910325f90ef4333a6e9e5d7727') in 0.040540 seconds 
========================================================================
Received Import Request.
  Time since last request: 0.000031 seconds.
  path: Assets/Sprites/jack_of_diamonds.png
  artifactKey: Guid(5bdcbb331e94a294ea1aad4448acb6f5) Importer(815301076,1909f56bfc062723c751e8b465ee728b)
Start importing Assets/Sprites/jack_of_diamonds.png using Guid(5bdcbb331e94a294ea1aad4448acb6f5) Importer(815301076,1909f56bfc062723c751e8b465ee728b)  -> (artifact id: 'de1885443535e8e2e25aa91ae39549e9') in 0.043607 seconds 
========================================================================
Received Import Request.
  Time since last request: 0.000032 seconds.
  path: Assets/Sprites/ace_of_spades2.png
  artifactKey: Guid(a64fcca200b506b4ca14cb1f5ccb6f16) Importer(815301076,1909f56bfc062723c751e8b465ee728b)
Start importing Assets/Sprites/ace_of_spades2.png using Guid(a64fcca200b506b4ca14cb1f5ccb6f16) Importer(815301076,1909f56bfc062723c751e8b465ee728b)  -> (artifact id: 'ff4299b700e911d34bbd452d59fdbc12') in 0.040030 seconds 
========================================================================
Received Import Request.
  Time since last request: 0.000019 seconds.
  path: Assets/Sprites/king_of_spades.png
  artifactKey: Guid(127f57e20ab2a70468bbf74c49b68893) Importer(815301076,1909f56bfc062723c751e8b465ee728b)
Start importing Assets/Sprites/king_of_spades.png using Guid(127f57e20ab2a70468bbf74c49b68893) Importer(815301076,1909f56bfc062723c751e8b465ee728b)  -> (artifact id: 'dd5dcd1a99555bd18eb16043ca13b818') in 0.030086 seconds 
========================================================================
Received Import Request.
  Time since last request: 0.000022 seconds.
  path: Assets/Sprites/8_of_diamonds.png
  artifactKey: Guid(026ca55d0cbc3dc4bb5035cfc0f6e04b) Importer(815301076,1909f56bfc062723c751e8b465ee728b)
Start importing Assets/Sprites/8_of_diamonds.png using Guid(026ca55d0cbc3dc4bb5035cfc0f6e04b) Importer(815301076,1909f56bfc062723c751e8b465ee728b)  -> (artifact id: 'a7152fb110ebbb4d4b8265ddb48b36e4') in 0.030964 seconds 
========================================================================
Received Import Request.
  Time since last request: 0.000045 seconds.
  path: Assets/Sprites/10_of_hearts.png
  artifactKey: Guid(c6e3d305e96f8f342a29c8b4c7b1311b) Importer(815301076,1909f56bfc062723c751e8b465ee728b)
Start importing Assets/Sprites/10_of_hearts.png using Guid(c6e3d305e96f8f342a29c8b4c7b1311b) Importer(815301076,1909f56bfc062723c751e8b465ee728b)  -> (artifact id: '870993d0e7ae3e692eef7e478b2104ed') in 0.038004 seconds 
========================================================================
Received Import Request.
  Time since last request: 0.000064 seconds.
  path: Assets/Sprites/5_of_spades.png
  artifactKey: Guid(e926063efe393414d87a084b1a724c3c) Importer(815301076,1909f56bfc062723c751e8b465ee728b)
Start importing Assets/Sprites/5_of_spades.png using Guid(e926063efe393414d87a084b1a724c3c) Importer(815301076,1909f56bfc062723c751e8b465ee728b)  -> (artifact id: 'fb785ae5beaa4d2ff3554024f7cbffb8') in 0.038287 seconds 
========================================================================
Received Import Request.
  Time since last request: 0.000024 seconds.
  path: Assets/Sprites/8_of_clubs.png
  artifactKey: Guid(abd0a6eb708e7374581f523584683cf0) Importer(815301076,1909f56bfc062723c751e8b465ee728b)
Start importing Assets/Sprites/8_of_clubs.png using Guid(abd0a6eb708e7374581f523584683cf0) Importer(815301076,1909f56bfc062723c751e8b465ee728b)  -> (artifact id: '015e31b1cc3897f680a343fa46a4e166') in 0.032330 seconds 
========================================================================
Received Import Request.
  Time since last request: 0.000024 seconds.
  path: Assets/Sprites/7_of_spades.png
  artifactKey: Guid(c4f64bab6d099734398eec8e3505b242) Importer(815301076,1909f56bfc062723c751e8b465ee728b)
Start importing Assets/Sprites/7_of_spades.png using Guid(c4f64bab6d099734398eec8e3505b242) Importer(815301076,1909f56bfc062723c751e8b465ee728b)  -> (artifact id: '09d04aeaeb27ef6b7044575accc3ad11') in 0.028423 seconds 
========================================================================
Received Import Request.
  Time since last request: 0.000017 seconds.
  path: Assets/Sprites/2_of_hearts.png
  artifactKey: Guid(03bcf3999aff4754894df85c6ff3eee4) Importer(815301076,1909f56bfc062723c751e8b465ee728b)
Start importing Assets/Sprites/2_of_hearts.png using Guid(03bcf3999aff4754894df85c6ff3eee4) Importer(815301076,1909f56bfc062723c751e8b465ee728b)  -> (artifact id: '1dbff5f93dda2a5146df707e89d16152') in 0.028514 seconds 
========================================================================
Received Import Request.
  Time since last request: 0.000021 seconds.
  path: Assets/Sprites/jack_of_hearts.png
  artifactKey: Guid(d7c7171d060465e4d822d084008b4e8e) Importer(815301076,1909f56bfc062723c751e8b465ee728b)
Start importing Assets/Sprites/jack_of_hearts.png using Guid(d7c7171d060465e4d822d084008b4e8e) Importer(815301076,1909f56bfc062723c751e8b465ee728b)  -> (artifact id: '21635261d12ad2e2f62c462c79545538') in 0.047903 seconds 
========================================================================
Received Import Request.
  Time since last request: 0.000027 seconds.
  path: Assets/Sprites/3_of_spades.png
  artifactKey: Guid(2c8eb11b3da429e4fb5e8a2ed8403418) Importer(815301076,1909f56bfc062723c751e8b465ee728b)
Start importing Assets/Sprites/3_of_spades.png using Guid(2c8eb11b3da429e4fb5e8a2ed8403418) Importer(815301076,1909f56bfc062723c751e8b465ee728b)  -> (artifact id: '327697e639a2a1eb8243211d8b8fe368') in 0.042124 seconds 
========================================================================
Received Import Request.
  Time since last request: 0.000027 seconds.
  path: Assets/Sprites/6_of_spades.png
  artifactKey: Guid(15cfbdb7f0e771b4e987d7de68e42f67) Importer(815301076,1909f56bfc062723c751e8b465ee728b)
Start importing Assets/Sprites/6_of_spades.png using Guid(15cfbdb7f0e771b4e987d7de68e42f67) Importer(815301076,1909f56bfc062723c751e8b465ee728b)  -> (artifact id: '2e28688222a81b531f84ab4830afe6e1') in 0.032420 seconds 
========================================================================
Received Import Request.
  Time since last request: 0.000020 seconds.
  path: Assets/Sprites/10_of_spades.png
  artifactKey: Guid(8dd1fbb698b23e342bbfd0fc208a31f8) Importer(815301076,1909f56bfc062723c751e8b465ee728b)
Start importing Assets/Sprites/10_of_spades.png using Guid(8dd1fbb698b23e342bbfd0fc208a31f8) Importer(815301076,1909f56bfc062723c751e8b465ee728b)  -> (artifact id: '916cb5d068a299bea84f547b500e4aaf') in 0.030957 seconds 
========================================================================
Received Import Request.
  Time since last request: 0.000023 seconds.
  path: Assets/Sprites
  artifactKey: Guid(1e25892b854360c4ab6d703e046cb6f2) Importer(815301076,1909f56bfc062723c751e8b465ee728b)
Start importing Assets/Sprites using Guid(1e25892b854360c4ab6d703e046cb6f2) Importer(815301076,1909f56bfc062723c751e8b465ee728b)  -> (artifact id: '3232d68822c363e60630822170162400') in 0.004718 seconds 
========================================================================
Received Import Request.
  Time since last request: 0.000053 seconds.
  path: Assets/Sprites/king_of_diamonds2.png
  artifactKey: Guid(5ea45d684ce7ebb49a795b6e61f5e394) Importer(815301076,1909f56bfc062723c751e8b465ee728b)
Start importing Assets/Sprites/king_of_diamonds2.png using Guid(5ea45d684ce7ebb49a795b6e61f5e394) Importer(815301076,1909f56bfc062723c751e8b465ee728b)  -> (artifact id: '248bf039937ba0e565acdc613d0b18f2') in 0.053371 seconds 
========================================================================
Received Import Request.
  Time since last request: 0.000028 seconds.
  path: Assets/Sprites/king_of_clubs.png
  artifactKey: Guid(a7f4322f5f8ff6640836e6b08beb252e) Importer(815301076,1909f56bfc062723c751e8b465ee728b)
Start importing Assets/Sprites/king_of_clubs.png using Guid(a7f4322f5f8ff6640836e6b08beb252e) Importer(815301076,1909f56bfc062723c751e8b465ee728b)  -> (artifact id: '81619ade95823650f35b345ea83c301f') in 0.041544 seconds 
========================================================================
Received Import Request.
  Time since last request: 0.000018 seconds.
  path: Assets/Sprites/king_of_spades2.png
  artifactKey: Guid(d031466986bde0c4b97b17cc5bc8f0d5) Importer(815301076,1909f56bfc062723c751e8b465ee728b)
Start importing Assets/Sprites/king_of_spades2.png using Guid(d031466986bde0c4b97b17cc5bc8f0d5) Importer(815301076,1909f56bfc062723c751e8b465ee728b)  -> (artifact id: 'a4ae47ddc1c259fc9f0a7eb5503b572b') in 0.040545 seconds 
========================================================================
Received Import Request.
  Time since last request: 0.000017 seconds.
  path: Assets/Sprites/8_of_spades.png
  artifactKey: Guid(e22e44ff2d6eb324a8496c2cea09bdc6) Importer(815301076,1909f56bfc062723c751e8b465ee728b)
Start importing Assets/Sprites/8_of_spades.png using Guid(e22e44ff2d6eb324a8496c2cea09bdc6) Importer(815301076,1909f56bfc062723c751e8b465ee728b)  -> (artifact id: '6314e0bbc0aeed669fc34d0d64efda37') in 0.032228 seconds 
========================================================================
Received Import Request.
  Time since last request: 0.000023 seconds.
  path: Assets/Sprites/5_of_clubs.png
  artifactKey: Guid(73e9dc0c52df1954382cebe9b81cab2f) Importer(815301076,1909f56bfc062723c751e8b465ee728b)
Start importing Assets/Sprites/5_of_clubs.png using Guid(73e9dc0c52df1954382cebe9b81cab2f) Importer(815301076,1909f56bfc062723c751e8b465ee728b)  -> (artifact id: '543b9745c4e51b5e300c979a41f49c61') in 0.041881 seconds 
========================================================================
Received Import Request.
  Time since last request: 0.000029 seconds.
  path: Assets/Sprites/4_of_spades.png
  artifactKey: Guid(f805543f535fe6847a40dc9ef3807721) Importer(815301076,1909f56bfc062723c751e8b465ee728b)
Start importing Assets/Sprites/4_of_spades.png using Guid(f805543f535fe6847a40dc9ef3807721) Importer(815301076,1909f56bfc062723c751e8b465ee728b)  -> (artifact id: '69ea8bd8fb5fcb70578515809316b46b') in 0.042908 seconds 
========================================================================
Received Import Request.
  Time since last request: 0.000024 seconds.
  path: Assets/Sprites/queen_of_hearts2.png
  artifactKey: Guid(03de9611692bfbf48abef17943d0b61b) Importer(815301076,1909f56bfc062723c751e8b465ee728b)
Start importing Assets/Sprites/queen_of_hearts2.png using Guid(03de9611692bfbf48abef17943d0b61b) Importer(815301076,1909f56bfc062723c751e8b465ee728b)  -> (artifact id: '873483d48e3fd90ed20b5af22c9beb68') in 0.048085 seconds 
========================================================================
Received Import Request.
  Time since last request: 0.000059 seconds.
  path: Assets/Sprites/jack_of_clubs2.png
  artifactKey: Guid(f75c0219b2b0a584f98fec199c3c265b) Importer(815301076,1909f56bfc062723c751e8b465ee728b)
Start importing Assets/Sprites/jack_of_clubs2.png using Guid(f75c0219b2b0a584f98fec199c3c265b) Importer(815301076,1909f56bfc062723c751e8b465ee728b)  -> (artifact id: 'd59dfef62d888a3f704fbd1c01aea141') in 0.050282 seconds 
========================================================================
Received Import Request.
  Time since last request: 0.000048 seconds.
  path: Assets/Sprites/5_of_hearts.png
  artifactKey: Guid(9dbe6cc403da76744b0c2ec01fb38b34) Importer(815301076,1909f56bfc062723c751e8b465ee728b)
Start importing Assets/Sprites/5_of_hearts.png using Guid(9dbe6cc403da76744b0c2ec01fb38b34) Importer(815301076,1909f56bfc062723c751e8b465ee728b)  -> (artifact id: '37ad79d9c97d73f8eaad54cdc7a44ccb') in 0.044874 seconds 
========================================================================
Received Import Request.
  Time since last request: 0.000034 seconds.
  path: Assets/Sprites/4_of_clubs.png
  artifactKey: Guid(395e803c530e9304083dfd6493faae68) Importer(815301076,1909f56bfc062723c751e8b465ee728b)
Start importing Assets/Sprites/4_of_clubs.png using Guid(395e803c530e9304083dfd6493faae68) Importer(815301076,1909f56bfc062723c751e8b465ee728b)  -> (artifact id: '8025e005be1ae01a6fb5f6c655f0f63a') in 0.029623 seconds 
========================================================================
Received Import Request.
  Time since last request: 0.000018 seconds.
  path: Assets/Sprites/jack_of_hearts2.png
  artifactKey: Guid(0adf1557b6694174db9720f979b0fcd8) Importer(815301076,1909f56bfc062723c751e8b465ee728b)
Start importing Assets/Sprites/jack_of_hearts2.png using Guid(0adf1557b6694174db9720f979b0fcd8) Importer(815301076,1909f56bfc062723c751e8b465ee728b)  -> (artifact id: 'b8e9582873ad41741a560cf89cd8c1e6') in 0.045134 seconds 
========================================================================
Received Import Request.
  Time since last request: 0.000024 seconds.
  path: Assets/Sprites/10_of_diamonds.png
  artifactKey: Guid(2ef65201bfa3cca44b007957fc15a38a) Importer(815301076,1909f56bfc062723c751e8b465ee728b)
Start importing Assets/Sprites/10_of_diamonds.png using Guid(2ef65201bfa3cca44b007957fc15a38a) Importer(815301076,1909f56bfc062723c751e8b465ee728b)  -> (artifact id: '0e326578d21579768d7d3b8db23f1ba6') in 0.034256 seconds 
