Using pre-set license
Built from '2021.3/staging' branch; Version is '2021.3.10f1 (1c7d0df0160b) revision 1867021'; Using compiler version '192829333'; Build Type 'Release'
OS: 'Windows 10  (10.0.19042) 64bit Professional' Language: 'en' Physical Memory: 8102 MB
BatchMode: 1, IsHumanControllingUs: 0, StartBugReporterOnCrash: 0, Is64bit: 1, IsPro: 1

COMMAND LINE ARGUMENTS:
C:\Program Files\Unity\Hub\Editor\2021.3.10f1\Editor\Unity.exe
-adb2
-batchMode
-noUpm
-name
AssetImportWorker0
-projectPath
C:/Users/User/Documents/GitHub/GI493
-logFile
Logs/AssetImportWorker0.log
-srvPort
1679
Successfully changed project path to: C:/Users/User/Documents/GitHub/GI493
C:/Users/User/Documents/GitHub/GI493
[UnityMemory] Configuration Parameters - Can be set up in boot.config
    "memorysetup-bucket-allocator-granularity=16"
    "memorysetup-bucket-allocator-bucket-count=8"
    "memorysetup-bucket-allocator-block-size=33554432"
    "memorysetup-bucket-allocator-block-count=8"
    "memorysetup-main-allocator-block-size=16777216"
    "memorysetup-thread-allocator-block-size=16777216"
    "memorysetup-gfx-main-allocator-block-size=16777216"
    "memorysetup-gfx-thread-allocator-block-size=16777216"
    "memorysetup-cache-allocator-block-size=4194304"
    "memorysetup-typetree-allocator-block-size=2097152"
    "memorysetup-profiler-bucket-allocator-granularity=16"
    "memorysetup-profiler-bucket-allocator-bucket-count=8"
    "memorysetup-profiler-bucket-allocator-block-size=33554432"
    "memorysetup-profiler-bucket-allocator-block-count=8"
    "memorysetup-profiler-allocator-block-size=16777216"
    "memorysetup-profiler-editor-allocator-block-size=1048576"
    "memorysetup-temp-allocator-size-main=16777216"
    "memorysetup-job-temp-allocator-block-size=2097152"
    "memorysetup-job-temp-allocator-block-size-background=1048576"
    "memorysetup-job-temp-allocator-reduction-small-platforms=262144"
    "memorysetup-temp-allocator-size-background-worker=32768"
    "memorysetup-temp-allocator-size-job-worker=262144"
    "memorysetup-temp-allocator-size-preload-manager=33554432"
    "memorysetup-temp-allocator-size-nav-mesh-worker=65536"
    "memorysetup-temp-allocator-size-audio-worker=65536"
    "memorysetup-temp-allocator-size-cloud-worker=32768"
    "memorysetup-temp-allocator-size-gi-baking-worker=262144"
    "memorysetup-temp-allocator-size-gfx=262144"
Refreshing native plugins compatible for Editor in 87.71 ms, found 3 plugins.
Preloading 0 native plugins for Editor in 0.00 ms.
Initialize engine version: 2021.3.10f1 (1c7d0df0160b)
[Subsystems] Discovering subsystems at path C:/Program Files/Unity/Hub/Editor/2021.3.10f1/Editor/Data/Resources/UnitySubsystems
[Subsystems] Discovering subsystems at path C:/Users/User/Documents/GitHub/GI493/Assets
GfxDevice: creating device client; threaded=0; jobified=0
Direct3D:
    Version:  Direct3D 11.0 [level 11.1]
    Renderer: Intel(R) HD Graphics 530 (ID=0x1912)
    Vendor:   Intel
    VRAM:     4051 MB
    Driver:   21.20.16.4590
Initialize mono
Mono path[0] = 'C:/Program Files/Unity/Hub/Editor/2021.3.10f1/Editor/Data/Managed'
Mono path[1] = 'C:/Program Files/Unity/Hub/Editor/2021.3.10f1/Editor/Data/MonoBleedingEdge/lib/mono/unityjit-win32'
Mono config path = 'C:/Program Files/Unity/Hub/Editor/2021.3.10f1/Editor/Data/MonoBleedingEdge/etc'
Using monoOptions --debugger-agent=transport=dt_socket,embedding=1,server=y,suspend=n,address=127.0.0.1:56104
Begin MonoManager ReloadAssembly
Registering precompiled unity dll's ...
Register platform support module: C:/Program Files/Unity/Hub/Editor/2021.3.10f1/Editor/Data/PlaybackEngines/WebGLSupport/UnityEditor.WebGL.Extensions.dll
Register platform support module: C:/Program Files/Unity/Hub/Editor/2021.3.10f1/Editor/Data/PlaybackEngines/AndroidPlayer/UnityEditor.Android.Extensions.dll
Register platform support module: C:/Program Files/Unity/Hub/Editor/2021.3.10f1/Editor/Data/PlaybackEngines/iOSSupport/UnityEditor.iOS.Extensions.dll
Register platform support module: C:/Program Files/Unity/Hub/Editor/2021.3.10f1/Editor/Data/PlaybackEngines/WindowsStandaloneSupport/UnityEditor.WindowsStandalone.Extensions.dll
Registered in 0.012278 seconds.
Native extension for WindowsStandalone target not found
[usbmuxd] Start listen thread
[usbmuxd] Listen thread started
[usbmuxd] Send listen message
Native extension for iOS target not found
Native extension for Android target not found
Native extension for WebGL target not found
Refreshing native plugins compatible for Editor in 77.57 ms, found 3 plugins.
Preloading 0 native plugins for Editor in 0.00 ms.
Mono: successfully reloaded assembly
- Completed reload, in  0.749 seconds
Domain Reload Profiling:
	ReloadAssembly (750ms)
		BeginReloadAssembly (86ms)
			ExecutionOrderSort (0ms)
			DisableScriptedObjects (0ms)
			BackupInstance (0ms)
			ReleaseScriptingObjects (0ms)
			CreateAndSetChildDomain (1ms)
		EndReloadAssembly (527ms)
			LoadAssemblies (84ms)
			RebuildTransferFunctionScriptingTraits (0ms)
			SetupTypeCache (134ms)
			ReleaseScriptCaches (0ms)
			RebuildScriptCaches (31ms)
			SetupLoadedEditorAssemblies (306ms)
				LogAssemblyErrors (0ms)
				InitializePlatformSupportModulesInManaged (71ms)
				SetLoadedEditorAssemblies (3ms)
				RefreshPlugins (78ms)
				BeforeProcessingInitializeOnLoad (1ms)
				ProcessInitializeOnLoadAttributes (101ms)
				ProcessInitializeOnLoadMethodAttributes (53ms)
				AfterProcessingInitializeOnLoad (0ms)
				EditorAssembliesLoaded (0ms)
			ExecutionOrderSort2 (0ms)
			AwakeInstancesAfterBackupRestoration (0ms)
Platform modules already initialized, skipping
Registering precompiled user dll's ...
Registered in 0.007453 seconds.
Begin MonoManager ReloadAssembly
Symbol file LoadedFromMemory doesn't match image C:\Users\User\Documents\GitHub\GI493\Library\PackageCache\com.unity.visualscripting@1.7.8\Editor\VisualScripting.Core\Dependencies\YamlDotNet\Unity.VisualScripting.YamlDotNet.dll
Symbol file LoadedFromMemory doesn't match image C:\Users\User\Documents\GitHub\GI493\Library\PackageCache\com.unity.visualscripting@1.7.8\Editor\VisualScripting.Core\Dependencies\DotNetZip\Unity.VisualScripting.IonicZip.dll
Native extension for WindowsStandalone target not found
Native extension for iOS target not found
Native extension for Android target not found
Native extension for WebGL target not found
Refreshing native plugins compatible for Editor in 0.64 ms, found 3 plugins.
Preloading 0 native plugins for Editor in 0.00 ms.
Mono: successfully reloaded assembly
- Completed reload, in  1.246 seconds
Domain Reload Profiling:
	ReloadAssembly (1248ms)
		BeginReloadAssembly (233ms)
			ExecutionOrderSort (0ms)
			DisableScriptedObjects (6ms)
			BackupInstance (0ms)
			ReleaseScriptingObjects (0ms)
			CreateAndSetChildDomain (128ms)
		EndReloadAssembly (878ms)
			LoadAssemblies (95ms)
			RebuildTransferFunctionScriptingTraits (0ms)
			SetupTypeCache (278ms)
			ReleaseScriptCaches (1ms)
			RebuildScriptCaches (58ms)
			SetupLoadedEditorAssemblies (406ms)
				LogAssemblyErrors (0ms)
				InitializePlatformSupportModulesInManaged (31ms)
				SetLoadedEditorAssemblies (1ms)
				RefreshPlugins (1ms)
				BeforeProcessingInitializeOnLoad (93ms)
				ProcessInitializeOnLoadAttributes (238ms)
				ProcessInitializeOnLoadMethodAttributes (32ms)
				AfterProcessingInitializeOnLoad (12ms)
				EditorAssembliesLoaded (0ms)
			ExecutionOrderSort2 (0ms)
			AwakeInstancesAfterBackupRestoration (8ms)
Platform modules already initialized, skipping
========================================================================
Worker process is ready to serve import requests
Launched and connected shader compiler UnityShaderCompiler.exe after 0.07 seconds
Refreshing native plugins compatible for Editor in 0.83 ms, found 3 plugins.
Preloading 0 native plugins for Editor in 0.00 ms.
Unloading 3265 Unused Serialized files (Serialized files now loaded: 0)
Unloading 24 unused Assets / (56.1 KB). Loaded Objects now: 3725.
Memory consumption went from 111.9 MB to 111.8 MB.
Total: 3.807200 ms (FindLiveObjects: 0.470400 ms CreateObjectMapping: 0.219400 ms MarkObjects: 3.034800 ms  DeleteObjects: 0.081900 ms)

AssetImportParameters requested are different than current active one (requested -> active):
  custom:video-decoder-ogg-theora: a1e56fd34408186e4bbccfd4996cb3dc -> 
  custom:container-muxer-webm: aa71ff27fc2769a1b78a27578f13a17b -> 
  custom:container-demuxer-webm: 4f35f7cbe854078d1ac9338744f61a02 -> 
  custom:video-encoder-webm-vp8: eb34c28f22e8b96e1ab97ce403110664 -> 
  custom:video-codec-MediaFoundation-h265: 746d11721c4dcdbdad8f713fa42b33f4 -> 
  custom:audio-encoder-webm-vorbis: bf7c407c2cedff20999df2af8eb42d56 -> 
  custom:framework-win-MediaFoundation: 216162199b28c13a410421893ffa2e32 -> 
  custom:container-demuxer-ogg: 62fdf1f143b41e24485cea50d1cbac27 -> 
  custom:video-decoder-webm-vp8: 9c59270c3fd7afecdb556c50c9e8de78 -> 
  custom:audio-decoder-ogg-vorbis: bf7c407c2cedff20999df2af8eb42d56 -> 
========================================================================
Received Import Request.
  Time since last request: 574.699914 seconds.
  path: Assets/Scenes/Start.unity
  artifactKey: Guid(0409b2908de01be4c8bd463f066dc402) Importer(815301076,1909f56bfc062723c751e8b465ee728b)
Start importing Assets/Scenes/Start.unity using Guid(0409b2908de01be4c8bd463f066dc402) Importer(815301076,1909f56bfc062723c751e8b465ee728b)  -> (artifact id: '8d1bdc124145a45c53c961113fc7ed30') in 0.014210 seconds 
========================================================================
Received Prepare
Registering precompiled user dll's ...
Registered in 0.006892 seconds.
Begin MonoManager ReloadAssembly
Symbol file LoadedFromMemory doesn't match image C:\Users\User\Documents\GitHub\GI493\Library\PackageCache\com.unity.visualscripting@1.7.8\Editor\VisualScripting.Core\Dependencies\YamlDotNet\Unity.VisualScripting.YamlDotNet.dll
Symbol file LoadedFromMemory doesn't match image C:\Users\User\Documents\GitHub\GI493\Library\PackageCache\com.unity.visualscripting@1.7.8\Editor\VisualScripting.Core\Dependencies\DotNetZip\Unity.VisualScripting.IonicZip.dll
Native extension for WindowsStandalone target not found
Native extension for iOS target not found
Native extension for Android target not found
Native extension for WebGL target not found
Refreshing native plugins compatible for Editor in 1.65 ms, found 3 plugins.
Preloading 0 native plugins for Editor in 0.00 ms.
Mono: successfully reloaded assembly
- Completed reload, in  1.363 seconds
Domain Reload Profiling:
	ReloadAssembly (1364ms)
		BeginReloadAssembly (133ms)
			ExecutionOrderSort (0ms)
			DisableScriptedObjects (6ms)
			BackupInstance (0ms)
			ReleaseScriptingObjects (0ms)
			CreateAndSetChildDomain (36ms)
		EndReloadAssembly (1127ms)
			LoadAssemblies (88ms)
			RebuildTransferFunctionScriptingTraits (0ms)
			SetupTypeCache (298ms)
			ReleaseScriptCaches (2ms)
			RebuildScriptCaches (68ms)
			SetupLoadedEditorAssemblies (568ms)
				LogAssemblyErrors (0ms)
				InitializePlatformSupportModulesInManaged (63ms)
				SetLoadedEditorAssemblies (1ms)
				RefreshPlugins (2ms)
				BeforeProcessingInitializeOnLoad (109ms)
				ProcessInitializeOnLoadAttributes (333ms)
				ProcessInitializeOnLoadMethodAttributes (43ms)
				AfterProcessingInitializeOnLoad (16ms)
				EditorAssembliesLoaded (0ms)
			ExecutionOrderSort2 (0ms)
			AwakeInstancesAfterBackupRestoration (11ms)
Platform modules already initialized, skipping
Refreshing native plugins compatible for Editor in 6.62 ms, found 3 plugins.
Preloading 0 native plugins for Editor in 0.00 ms.
Unloading 3259 Unused Serialized files (Serialized files now loaded: 0)
Unloading 17 unused Assets / (24.6 KB). Loaded Objects now: 3728.
Memory consumption went from 111.8 MB to 111.7 MB.
Total: 6.764700 ms (FindLiveObjects: 0.675800 ms CreateObjectMapping: 0.439400 ms MarkObjects: 5.482400 ms  DeleteObjects: 0.163000 ms)

AssetImportParameters requested are different than current active one (requested -> active):
  custom:video-decoder-ogg-theora: a1e56fd34408186e4bbccfd4996cb3dc -> 
  custom:container-muxer-webm: aa71ff27fc2769a1b78a27578f13a17b -> 
  custom:container-demuxer-webm: 4f35f7cbe854078d1ac9338744f61a02 -> 
  custom:video-encoder-webm-vp8: eb34c28f22e8b96e1ab97ce403110664 -> 
  custom:video-codec-MediaFoundation-h265: 746d11721c4dcdbdad8f713fa42b33f4 -> 
  custom:audio-encoder-webm-vorbis: bf7c407c2cedff20999df2af8eb42d56 -> 
  custom:framework-win-MediaFoundation: 216162199b28c13a410421893ffa2e32 -> 
  custom:container-demuxer-ogg: 62fdf1f143b41e24485cea50d1cbac27 -> 
  custom:video-decoder-webm-vp8: 9c59270c3fd7afecdb556c50c9e8de78 -> 
  custom:audio-decoder-ogg-vorbis: bf7c407c2cedff20999df2af8eb42d56 -> 
========================================================================
Received Import Request.
  Time since last request: 4320.857867 seconds.
  path: Assets/Scenes/SolitaireGame.unity
  artifactKey: Guid(7aee90f4bfc1e894d9eb9e82416162d0) Importer(815301076,1909f56bfc062723c751e8b465ee728b)
Start importing Assets/Scenes/SolitaireGame.unity using Guid(7aee90f4bfc1e894d9eb9e82416162d0) Importer(815301076,1909f56bfc062723c751e8b465ee728b)  -> (artifact id: '28b2b375a1c2d1338fd71a68bf4e21c8') in 0.248233 seconds 
========================================================================
Received Import Request.
  Time since last request: 6.188100 seconds.
  path: Assets/Prefabs/Card.prefab
  artifactKey: Guid(b383ff450473ace4cbbd85429fa03541) Importer(815301076,1909f56bfc062723c751e8b465ee728b)
Start importing Assets/Prefabs/Card.prefab using Guid(b383ff450473ace4cbbd85429fa03541) Importer(815301076,1909f56bfc062723c751e8b465ee728b)  -> (artifact id: '2316a7e677a019dd3d21790ac26e4317') in 3.579258 seconds 
========================================================================
Received Import Request.
  Time since last request: 8.765040 seconds.
  path: Assets/Sprites/6_of_hearts.png
  artifactKey: Guid(c6b3b9dbd4953c7489ccfc314289c9bc) Importer(815301076,1909f56bfc062723c751e8b465ee728b)
Start importing Assets/Sprites/6_of_hearts.png using Guid(c6b3b9dbd4953c7489ccfc314289c9bc) Importer(815301076,1909f56bfc062723c751e8b465ee728b)  -> (artifact id: '824a63af7ab138927ecdf9a03463f836') in 0.152844 seconds 
========================================================================
Received Import Request.
  Time since last request: 0.000019 seconds.
  path: Assets/Sprites/jack_of_clubs2.png
  artifactKey: Guid(b68d8a924e83d1a4796b528026ff4219) Importer(815301076,1909f56bfc062723c751e8b465ee728b)
Start importing Assets/Sprites/jack_of_clubs2.png using Guid(b68d8a924e83d1a4796b528026ff4219) Importer(815301076,1909f56bfc062723c751e8b465ee728b)  -> (artifact id: '20d543f2edfa8d5ed83dde2621573a46') in 0.053741 seconds 
========================================================================
Received Import Request.
  Time since last request: 0.000044 seconds.
  path: Assets/Sprites/7_of_spades.png
  artifactKey: Guid(9f3100b76c39c234cb91378d1f8ad971) Importer(815301076,1909f56bfc062723c751e8b465ee728b)
Start importing Assets/Sprites/7_of_spades.png using Guid(9f3100b76c39c234cb91378d1f8ad971) Importer(815301076,1909f56bfc062723c751e8b465ee728b)  -> (artifact id: 'b64a06f16072b4a44ef15652aa00bc46') in 0.046992 seconds 
========================================================================
Received Import Request.
  Time since last request: 0.000044 seconds.
  path: Assets/Sprites/king_of_clubs.png
  artifactKey: Guid(e9c5c442a91fa14419189f603db640b7) Importer(815301076,1909f56bfc062723c751e8b465ee728b)
Start importing Assets/Sprites/king_of_clubs.png using Guid(e9c5c442a91fa14419189f603db640b7) Importer(815301076,1909f56bfc062723c751e8b465ee728b)  -> (artifact id: '298a5865a4846cf4db27ba357e8922db') in 0.055745 seconds 
========================================================================
Received Import Request.
  Time since last request: 0.000041 seconds.
  path: Assets/Sprites/red back.png
  artifactKey: Guid(fa045cd8f96ddbf4ca0443284f64e6bd) Importer(815301076,1909f56bfc062723c751e8b465ee728b)
Start importing Assets/Sprites/red back.png using Guid(fa045cd8f96ddbf4ca0443284f64e6bd) Importer(815301076,1909f56bfc062723c751e8b465ee728b)  -> (artifact id: '48dd983628edb12e484f7a27e934ccc8') in 0.062141 seconds 
========================================================================
Received Import Request.
  Time since last request: 0.000038 seconds.
  path: Assets/Sprites/black_joker.png
  artifactKey: Guid(df9f699e9fe4d4d48b8cc6dc63763e61) Importer(815301076,1909f56bfc062723c751e8b465ee728b)
Start importing Assets/Sprites/black_joker.png using Guid(df9f699e9fe4d4d48b8cc6dc63763e61) Importer(815301076,1909f56bfc062723c751e8b465ee728b)  -> (artifact id: 'dd56d9fb48ec0886ff67a1f1f8714c45') in 0.060674 seconds 
========================================================================
Received Import Request.
  Time since last request: 0.000034 seconds.
  path: Assets/Sprites/jack_of_clubs.png
  artifactKey: Guid(8d669e8c9632a0d4d94fa4f714aa369f) Importer(815301076,1909f56bfc062723c751e8b465ee728b)
Start importing Assets/Sprites/jack_of_clubs.png using Guid(8d669e8c9632a0d4d94fa4f714aa369f) Importer(815301076,1909f56bfc062723c751e8b465ee728b)  -> (artifact id: 'ce770a983cb15baeb7845b0d081c8ec7') in 0.057214 seconds 
========================================================================
Received Import Request.
  Time since last request: 0.000028 seconds.
  path: Assets/Sprites/10_of_spades.png
  artifactKey: Guid(e0cf577d95efda140a4dd2e8fdafed42) Importer(815301076,1909f56bfc062723c751e8b465ee728b)
Start importing Assets/Sprites/10_of_spades.png using Guid(e0cf577d95efda140a4dd2e8fdafed42) Importer(815301076,1909f56bfc062723c751e8b465ee728b)  -> (artifact id: 'd1d0d2ca1ae1bcb9ca41371ac771bea9') in 0.049695 seconds 
========================================================================
Received Import Request.
  Time since last request: 0.000053 seconds.
  path: Assets/Sprites/ace_of_clubs.png
  artifactKey: Guid(5edd54aed793c6345a5d8e3d0bb44b01) Importer(815301076,1909f56bfc062723c751e8b465ee728b)
Start importing Assets/Sprites/ace_of_clubs.png using Guid(5edd54aed793c6345a5d8e3d0bb44b01) Importer(815301076,1909f56bfc062723c751e8b465ee728b)  -> (artifact id: '3ff7fced5e215bb846759251edc1e6b3') in 0.052293 seconds 
========================================================================
Received Import Request.
  Time since last request: 0.000056 seconds.
  path: Assets/Sprites/ace_of_diamonds.png
  artifactKey: Guid(34689198e0d030a4180368fe3d488a3c) Importer(815301076,1909f56bfc062723c751e8b465ee728b)
Start importing Assets/Sprites/ace_of_diamonds.png using Guid(34689198e0d030a4180368fe3d488a3c) Importer(815301076,1909f56bfc062723c751e8b465ee728b)  -> (artifact id: '5fe6081ab7b5b75142f7aa030d17bc79') in 0.049422 seconds 
========================================================================
Received Import Request.
  Time since last request: 0.000060 seconds.
  path: Assets/Sprites/king_of_spades.png
  artifactKey: Guid(2b900511908c27c46bb850bd647dd939) Importer(815301076,1909f56bfc062723c751e8b465ee728b)
Start importing Assets/Sprites/king_of_spades.png using Guid(2b900511908c27c46bb850bd647dd939) Importer(815301076,1909f56bfc062723c751e8b465ee728b)  -> (artifact id: '8863bf5a673aa64391a2bdfbb8c6fd58') in 0.065797 seconds 
========================================================================
Received Import Request.
  Time since last request: 0.000024 seconds.
  path: Assets/Sprites/ace_of_spades.png
  artifactKey: Guid(05b9ec8eff5302c4f87e6e308d65a4ba) Importer(815301076,1909f56bfc062723c751e8b465ee728b)
Start importing Assets/Sprites/ace_of_spades.png using Guid(05b9ec8eff5302c4f87e6e308d65a4ba) Importer(815301076,1909f56bfc062723c751e8b465ee728b)  -> (artifact id: '30c48150946ef921f612b68b0e2d1324') in 0.050678 seconds 
========================================================================
Received Import Request.
  Time since last request: 0.000043 seconds.
  path: Assets/Sprites/jack_of_diamonds.png
  artifactKey: Guid(279a03de93438ab4e9496d0ba7370b84) Importer(815301076,1909f56bfc062723c751e8b465ee728b)
Start importing Assets/Sprites/jack_of_diamonds.png using Guid(279a03de93438ab4e9496d0ba7370b84) Importer(815301076,1909f56bfc062723c751e8b465ee728b)  -> (artifact id: '8021ac5e99061a87173dd6420799cdd0') in 0.058423 seconds 
========================================================================
Received Import Request.
  Time since last request: 0.000054 seconds.
  path: Assets/Sprites/queen_of_diamonds2.png
  artifactKey: Guid(8f092e6da8c10234eb39d878a5af1123) Importer(815301076,1909f56bfc062723c751e8b465ee728b)
Start importing Assets/Sprites/queen_of_diamonds2.png using Guid(8f092e6da8c10234eb39d878a5af1123) Importer(815301076,1909f56bfc062723c751e8b465ee728b)  -> (artifact id: 'bd0b30277bb9ccc29fc158d79935ae3f') in 0.055446 seconds 
========================================================================
Received Import Request.
  Time since last request: 0.000031 seconds.
  path: Assets/Sprites/jack_of_spades2.png
  artifactKey: Guid(8d45eaf5f67c41241917dd416a2219eb) Importer(815301076,1909f56bfc062723c751e8b465ee728b)
Start importing Assets/Sprites/jack_of_spades2.png using Guid(8d45eaf5f67c41241917dd416a2219eb) Importer(815301076,1909f56bfc062723c751e8b465ee728b)  -> (artifact id: 'a1bac4cd19fad4eea5c2e942d9964cb7') in 0.061533 seconds 
========================================================================
Received Import Request.
  Time since last request: 0.000023 seconds.
  path: Assets/Sprites/queen_of_hearts.png
  artifactKey: Guid(24021becc30bae44c8c761b5326e3fae) Importer(815301076,1909f56bfc062723c751e8b465ee728b)
Start importing Assets/Sprites/queen_of_hearts.png using Guid(24021becc30bae44c8c761b5326e3fae) Importer(815301076,1909f56bfc062723c751e8b465ee728b)  -> (artifact id: 'e15e6ec9e3f6f7305df3a9abbfa9b5d7') in 0.059438 seconds 
========================================================================
Received Import Request.
  Time since last request: 0.000046 seconds.
  path: Assets/Sprites/10_of_diamonds.png
  artifactKey: Guid(d87fb272251468e41b8a926220062012) Importer(815301076,1909f56bfc062723c751e8b465ee728b)
Start importing Assets/Sprites/10_of_diamonds.png using Guid(d87fb272251468e41b8a926220062012) Importer(815301076,1909f56bfc062723c751e8b465ee728b)  -> (artifact id: 'c63536a72e084079bec939fd17f7df41') in 0.059773 seconds 
========================================================================
Received Import Request.
  Time since last request: 0.000024 seconds.
  path: Assets/Sprites/queen_of_diamonds.png
  artifactKey: Guid(b04c0a7264015594297dddad10f821ca) Importer(815301076,1909f56bfc062723c751e8b465ee728b)
Start importing Assets/Sprites/queen_of_diamonds.png using Guid(b04c0a7264015594297dddad10f821ca) Importer(815301076,1909f56bfc062723c751e8b465ee728b)  -> (artifact id: 'a2f40aa95edf7a6812a2f179ece62787') in 0.063965 seconds 
========================================================================
Received Import Request.
  Time since last request: 0.000065 seconds.
  path: Assets/Sprites/7_of_hearts.png
  artifactKey: Guid(cb96cd2d8a6e3d3418071451b2790a50) Importer(815301076,1909f56bfc062723c751e8b465ee728b)
Start importing Assets/Sprites/7_of_hearts.png using Guid(cb96cd2d8a6e3d3418071451b2790a50) Importer(815301076,1909f56bfc062723c751e8b465ee728b)  -> (artifact id: 'e1411c73f7640c935ff536fb53cc74b8') in 0.059645 seconds 
========================================================================
Received Import Request.
  Time since last request: 0.000021 seconds.
  path: Assets/Sprites/emptypos.png
  artifactKey: Guid(0697a7fb325d7604bb7aecb815a4635d) Importer(815301076,1909f56bfc062723c751e8b465ee728b)
Start importing Assets/Sprites/emptypos.png using Guid(0697a7fb325d7604bb7aecb815a4635d) Importer(815301076,1909f56bfc062723c751e8b465ee728b)  -> (artifact id: '98ce857644f9746c327f6d5b6438568d') in 0.050056 seconds 
========================================================================
Received Import Request.
  Time since last request: 0.000036 seconds.
  path: Assets/Sprites/jack_of_hearts2.png
  artifactKey: Guid(7424128b16c19ad419800cfc6224385a) Importer(815301076,1909f56bfc062723c751e8b465ee728b)
Start importing Assets/Sprites/jack_of_hearts2.png using Guid(7424128b16c19ad419800cfc6224385a) Importer(815301076,1909f56bfc062723c751e8b465ee728b)  -> (artifact id: 'f878dc098edc7f004fe2896c371a7c46') in 0.067976 seconds 
========================================================================
Received Import Request.
  Time since last request: 0.000024 seconds.
  path: Assets/Sprites/7_of_diamonds.png
  artifactKey: Guid(276d358a979072745834e3ca3b9f1a1c) Importer(815301076,1909f56bfc062723c751e8b465ee728b)
Start importing Assets/Sprites/7_of_diamonds.png using Guid(276d358a979072745834e3ca3b9f1a1c) Importer(815301076,1909f56bfc062723c751e8b465ee728b)  -> (artifact id: 'afbcdce887ec81ec373908cac6284f39') in 0.054671 seconds 
========================================================================
Received Import Request.
  Time since last request: 0.000025 seconds.
  path: Assets/Sprites/queen_of_hearts2.png
  artifactKey: Guid(520c34874478f034fab1d5f05c8b82ef) Importer(815301076,1909f56bfc062723c751e8b465ee728b)
Start importing Assets/Sprites/queen_of_hearts2.png using Guid(520c34874478f034fab1d5f05c8b82ef) Importer(815301076,1909f56bfc062723c751e8b465ee728b)  -> (artifact id: '87b2d548674c33d0feca94992b88f74a') in 0.062528 seconds 
========================================================================
Received Import Request.
  Time since last request: 0.000063 seconds.
  path: Assets/Sprites/8_of_hearts.png
  artifactKey: Guid(373bab5054cf5cd4b91c5ea1ca1f1a26) Importer(815301076,1909f56bfc062723c751e8b465ee728b)
Start importing Assets/Sprites/8_of_hearts.png using Guid(373bab5054cf5cd4b91c5ea1ca1f1a26) Importer(815301076,1909f56bfc062723c751e8b465ee728b)  -> (artifact id: 'f8ae4d267ff23f97a06c48bd22882868') in 0.055471 seconds 
========================================================================
Received Import Request.
  Time since last request: 0.000048 seconds.
  path: Assets/Sprites/king_of_spades2.png
  artifactKey: Guid(543829c493437034e82b55092c673c30) Importer(815301076,1909f56bfc062723c751e8b465ee728b)
Start importing Assets/Sprites/king_of_spades2.png using Guid(543829c493437034e82b55092c673c30) Importer(815301076,1909f56bfc062723c751e8b465ee728b)  -> (artifact id: '9f72f3240914c21a34a6934f23a11ecf') in 0.061270 seconds 
========================================================================
Received Import Request.
  Time since last request: 0.000021 seconds.
  path: Assets/Sprites/queen_of_spades2.png
  artifactKey: Guid(040fdaacb1b3c4a4abc79014ef5951b7) Importer(815301076,1909f56bfc062723c751e8b465ee728b)
Start importing Assets/Sprites/queen_of_spades2.png using Guid(040fdaacb1b3c4a4abc79014ef5951b7) Importer(815301076,1909f56bfc062723c751e8b465ee728b)  -> (artifact id: '745a55e9827f64642dd01367dfc0ecb2') in 0.061032 seconds 
========================================================================
Received Import Request.
  Time since last request: 0.000027 seconds.
  path: Assets/Sprites/king_of_clubs2.png
  artifactKey: Guid(31cafb3900321bc4d951d3b3fd6006da) Importer(815301076,1909f56bfc062723c751e8b465ee728b)
Start importing Assets/Sprites/king_of_clubs2.png using Guid(31cafb3900321bc4d951d3b3fd6006da) Importer(815301076,1909f56bfc062723c751e8b465ee728b)  -> (artifact id: '8bc7e000002ea67300ddeeacb9cd570f') in 0.065773 seconds 
========================================================================
Received Import Request.
  Time since last request: 0.000028 seconds.
  path: Assets/Sprites/queen_of_clubs2.png
  artifactKey: Guid(24df74199e1155f49b05b9d80c30478d) Importer(815301076,1909f56bfc062723c751e8b465ee728b)
Start importing Assets/Sprites/queen_of_clubs2.png using Guid(24df74199e1155f49b05b9d80c30478d) Importer(815301076,1909f56bfc062723c751e8b465ee728b)  -> (artifact id: '4667b698f77be4a80f7fd195f83259e2') in 0.069584 seconds 
========================================================================
Received Import Request.
  Time since last request: 255.169096 seconds.
  path: Assets/Sprites/red back.png
  artifactKey: Guid(fa045cd8f96ddbf4ca0443284f64e6bd) Importer(815301076,1909f56bfc062723c751e8b465ee728b)
Start importing Assets/Sprites/red back.png using Guid(fa045cd8f96ddbf4ca0443284f64e6bd) Importer(815301076,1909f56bfc062723c751e8b465ee728b)  -> (artifact id: '502fd87651037d2f8b8c25a9c7dcabf3') in 0.045376 seconds 
========================================================================
Received Prepare
Registering precompiled user dll's ...
Registered in 0.007010 seconds.
Begin MonoManager ReloadAssembly
Failed loading assembly Packages/com.unity.collab-proxy/Lib/Editor/PlasticSCM/Unity.Plastic.Antlr3.Runtime.dll reason: File does not contain a valid CIL image
Loading assembly failed: "Packages/com.unity.collab-proxy/Lib/Editor/PlasticSCM/Unity.Plastic.Antlr3.Runtime.dll" reason: File does not contain a valid CIL image
Symbol file LoadedFromMemory doesn't match image C:\Users\User\Documents\GitHub\GI493\Library\PackageCache\com.unity.visualscripting@1.7.8\Editor\VisualScripting.Core\Dependencies\YamlDotNet\Unity.VisualScripting.YamlDotNet.dll
Symbol file LoadedFromMemory doesn't match image C:\Users\User\Documents\GitHub\GI493\Library\PackageCache\com.unity.visualscripting@1.7.8\Editor\VisualScripting.Core\Dependencies\DotNetZip\Unity.VisualScripting.IonicZip.dll
Unloading broken assembly Packages/com.unity.collab-proxy/Lib/Editor/PlasticSCM/unityplastic.dll, this assembly can cause crashes in the runtime
Native extension for WindowsStandalone target not found
Native extension for iOS target not found
Native extension for Android target not found
Native extension for WebGL target not found
Refreshing native plugins compatible for Editor in 0.88 ms, found 3 plugins.
Preloading 0 native plugins for Editor in 0.00 ms.
Mono: successfully reloaded assembly
- Completed reload, in  1.272 seconds
Domain Reload Profiling:
	ReloadAssembly (1281ms)
		BeginReloadAssembly (354ms)
			ExecutionOrderSort (0ms)
			DisableScriptedObjects (27ms)
			BackupInstance (0ms)
			ReleaseScriptingObjects (0ms)
			CreateAndSetChildDomain (127ms)
		EndReloadAssembly (793ms)
			LoadAssemblies (132ms)
			RebuildTransferFunctionScriptingTraits (0ms)
			SetupTypeCache (244ms)
			ReleaseScriptCaches (1ms)
			RebuildScriptCaches (43ms)
			SetupLoadedEditorAssemblies (365ms)
				LogAssemblyErrors (0ms)
				InitializePlatformSupportModulesInManaged (37ms)
				SetLoadedEditorAssemblies (1ms)
				RefreshPlugins (1ms)
				BeforeProcessingInitializeOnLoad (75ms)
				ProcessInitializeOnLoadAttributes (205ms)
				ProcessInitializeOnLoadMethodAttributes (34ms)
				AfterProcessingInitializeOnLoad (12ms)
				EditorAssembliesLoaded (0ms)
			ExecutionOrderSort2 (0ms)
			AwakeInstancesAfterBackupRestoration (7ms)
Platform modules already initialized, skipping
Assertion failed on expression: 'reloadOk'
Refreshing native plugins compatible for Editor in 3.40 ms, found 3 plugins.
Preloading 0 native plugins for Editor in 0.00 ms.
Unloading 3259 Unused Serialized files (Serialized files now loaded: 0)
Unloading 17 unused Assets / (24.7 KB). Loaded Objects now: 3746.
Memory consumption went from 116.3 MB to 116.2 MB.
Total: 3.564000 ms (FindLiveObjects: 0.238100 ms CreateObjectMapping: 0.143300 ms MarkObjects: 3.091900 ms  DeleteObjects: 0.089800 ms)

AssetImportParameters requested are different than current active one (requested -> active):
  custom:video-decoder-ogg-theora: a1e56fd34408186e4bbccfd4996cb3dc -> 
  custom:container-muxer-webm: aa71ff27fc2769a1b78a27578f13a17b -> 
  custom:container-demuxer-webm: 4f35f7cbe854078d1ac9338744f61a02 -> 
  custom:video-encoder-webm-vp8: eb34c28f22e8b96e1ab97ce403110664 -> 
  custom:video-codec-MediaFoundation-h265: 746d11721c4dcdbdad8f713fa42b33f4 -> 
  custom:audio-encoder-webm-vorbis: bf7c407c2cedff20999df2af8eb42d56 -> 
  custom:framework-win-MediaFoundation: 216162199b28c13a410421893ffa2e32 -> 
  custom:container-demuxer-ogg: 62fdf1f143b41e24485cea50d1cbac27 -> 
  custom:video-decoder-webm-vp8: 9c59270c3fd7afecdb556c50c9e8de78 -> 
  custom:audio-decoder-ogg-vorbis: bf7c407c2cedff20999df2af8eb42d56 -> 
========================================================================
Received Prepare
Registering precompiled user dll's ...
Registered in 0.008208 seconds.
Begin MonoManager ReloadAssembly
Failed loading assembly Packages/com.unity.collab-proxy/Lib/Editor/PlasticSCM/Unity.Plastic.Antlr3.Runtime.dll reason: File does not contain a valid CIL image
Loading assembly failed: "Packages/com.unity.collab-proxy/Lib/Editor/PlasticSCM/Unity.Plastic.Antlr3.Runtime.dll" reason: File does not contain a valid CIL image
Symbol file LoadedFromMemory doesn't match image C:\Users\User\Documents\GitHub\GI493\Library\PackageCache\com.unity.visualscripting@1.7.8\Editor\VisualScripting.Core\Dependencies\YamlDotNet\Unity.VisualScripting.YamlDotNet.dll
Symbol file LoadedFromMemory doesn't match image C:\Users\User\Documents\GitHub\GI493\Library\PackageCache\com.unity.visualscripting@1.7.8\Editor\VisualScripting.Core\Dependencies\DotNetZip\Unity.VisualScripting.IonicZip.dll
Unloading broken assembly Packages/com.unity.collab-proxy/Lib/Editor/PlasticSCM/unityplastic.dll, this assembly can cause crashes in the runtime
Native extension for WindowsStandalone target not found
Native extension for iOS target not found
Native extension for Android target not found
Native extension for WebGL target not found
Refreshing native plugins compatible for Editor in 0.94 ms, found 3 plugins.
Preloading 0 native plugins for Editor in 0.00 ms.
Mono: successfully reloaded assembly
- Completed reload, in  1.087 seconds
Domain Reload Profiling:
	ReloadAssembly (1087ms)
		BeginReloadAssembly (144ms)
			ExecutionOrderSort (0ms)
			DisableScriptedObjects (6ms)
			BackupInstance (0ms)
			ReleaseScriptingObjects (0ms)
			CreateAndSetChildDomain (34ms)
		EndReloadAssembly (816ms)
			LoadAssemblies (101ms)
			RebuildTransferFunctionScriptingTraits (0ms)
			SetupTypeCache (233ms)
			ReleaseScriptCaches (1ms)
			RebuildScriptCaches (42ms)
			SetupLoadedEditorAssemblies (394ms)
				LogAssemblyErrors (0ms)
				InitializePlatformSupportModulesInManaged (50ms)
				SetLoadedEditorAssemblies (1ms)
				RefreshPlugins (1ms)
				BeforeProcessingInitializeOnLoad (85ms)
				ProcessInitializeOnLoadAttributes (211ms)
				ProcessInitializeOnLoadMethodAttributes (35ms)
				AfterProcessingInitializeOnLoad (11ms)
				EditorAssembliesLoaded (0ms)
			ExecutionOrderSort2 (0ms)
			AwakeInstancesAfterBackupRestoration (7ms)
Platform modules already initialized, skipping
Assertion failed on expression: 'reloadOk'
Refreshing native plugins compatible for Editor in 3.20 ms, found 3 plugins.
Preloading 0 native plugins for Editor in 0.00 ms.
Unloading 3259 Unused Serialized files (Serialized files now loaded: 0)
Unloading 17 unused Assets / (24.7 KB). Loaded Objects now: 3749.
Memory consumption went from 116.3 MB to 116.3 MB.
Total: 3.507000 ms (FindLiveObjects: 0.548400 ms CreateObjectMapping: 0.444900 ms MarkObjects: 2.491800 ms  DeleteObjects: 0.021300 ms)

AssetImportParameters requested are different than current active one (requested -> active):
  custom:video-decoder-ogg-theora: a1e56fd34408186e4bbccfd4996cb3dc -> 
  custom:container-muxer-webm: aa71ff27fc2769a1b78a27578f13a17b -> 
  custom:container-demuxer-webm: 4f35f7cbe854078d1ac9338744f61a02 -> 
  custom:video-encoder-webm-vp8: eb34c28f22e8b96e1ab97ce403110664 -> 
  custom:video-codec-MediaFoundation-h265: 746d11721c4dcdbdad8f713fa42b33f4 -> 
  custom:audio-encoder-webm-vorbis: bf7c407c2cedff20999df2af8eb42d56 -> 
  custom:framework-win-MediaFoundation: 216162199b28c13a410421893ffa2e32 -> 
  custom:container-demuxer-ogg: 62fdf1f143b41e24485cea50d1cbac27 -> 
  custom:video-decoder-webm-vp8: 9c59270c3fd7afecdb556c50c9e8de78 -> 
  custom:audio-decoder-ogg-vorbis: bf7c407c2cedff20999df2af8eb42d56 -> 
========================================================================
Received Prepare
Registering precompiled user dll's ...
Registered in 0.007234 seconds.
Begin MonoManager ReloadAssembly
Failed loading assembly Packages/com.unity.collab-proxy/Lib/Editor/PlasticSCM/Unity.Plastic.Antlr3.Runtime.dll reason: File does not contain a valid CIL image
Loading assembly failed: "Packages/com.unity.collab-proxy/Lib/Editor/PlasticSCM/Unity.Plastic.Antlr3.Runtime.dll" reason: File does not contain a valid CIL image
Symbol file LoadedFromMemory doesn't match image C:\Users\User\Documents\GitHub\GI493\Library\PackageCache\com.unity.visualscripting@1.7.8\Editor\VisualScripting.Core\Dependencies\YamlDotNet\Unity.VisualScripting.YamlDotNet.dll
Symbol file LoadedFromMemory doesn't match image C:\Users\User\Documents\GitHub\GI493\Library\PackageCache\com.unity.visualscripting@1.7.8\Editor\VisualScripting.Core\Dependencies\DotNetZip\Unity.VisualScripting.IonicZip.dll
Unloading broken assembly Packages/com.unity.collab-proxy/Lib/Editor/PlasticSCM/unityplastic.dll, this assembly can cause crashes in the runtime
Native extension for WindowsStandalone target not found
Native extension for iOS target not found
Native extension for Android target not found
Native extension for WebGL target not found
Refreshing native plugins compatible for Editor in 0.87 ms, found 3 plugins.
Preloading 0 native plugins for Editor in 0.00 ms.
Mono: successfully reloaded assembly
- Completed reload, in  1.427 seconds
Domain Reload Profiling:
	ReloadAssembly (1428ms)
		BeginReloadAssembly (157ms)
			ExecutionOrderSort (0ms)
			DisableScriptedObjects (6ms)
			BackupInstance (0ms)
			ReleaseScriptingObjects (0ms)
			CreateAndSetChildDomain (36ms)
		EndReloadAssembly (1134ms)
			LoadAssemblies (112ms)
			RebuildTransferFunctionScriptingTraits (0ms)
			SetupTypeCache (290ms)
			ReleaseScriptCaches (2ms)
			RebuildScriptCaches (74ms)
			SetupLoadedEditorAssemblies (559ms)
				LogAssemblyErrors (0ms)
				InitializePlatformSupportModulesInManaged (61ms)
				SetLoadedEditorAssemblies (1ms)
				RefreshPlugins (1ms)
				BeforeProcessingInitializeOnLoad (103ms)
				ProcessInitializeOnLoadAttributes (327ms)
				ProcessInitializeOnLoadMethodAttributes (49ms)
				AfterProcessingInitializeOnLoad (16ms)
				EditorAssembliesLoaded (0ms)
			ExecutionOrderSort2 (0ms)
			AwakeInstancesAfterBackupRestoration (13ms)
Platform modules already initialized, skipping
Assertion failed on expression: 'reloadOk'
Refreshing native plugins compatible for Editor in 5.94 ms, found 3 plugins.
Preloading 0 native plugins for Editor in 0.00 ms.
Unloading 3259 Unused Serialized files (Serialized files now loaded: 0)
Unloading 17 unused Assets / (24.6 KB). Loaded Objects now: 3752.
Memory consumption went from 116.3 MB to 116.3 MB.
Total: 3.893100 ms (FindLiveObjects: 0.316300 ms CreateObjectMapping: 0.194800 ms MarkObjects: 3.351800 ms  DeleteObjects: 0.029000 ms)

AssetImportParameters requested are different than current active one (requested -> active):
  custom:video-decoder-ogg-theora: a1e56fd34408186e4bbccfd4996cb3dc -> 
  custom:container-muxer-webm: aa71ff27fc2769a1b78a27578f13a17b -> 
  custom:container-demuxer-webm: 4f35f7cbe854078d1ac9338744f61a02 -> 
  custom:video-encoder-webm-vp8: eb34c28f22e8b96e1ab97ce403110664 -> 
  custom:video-codec-MediaFoundation-h265: 746d11721c4dcdbdad8f713fa42b33f4 -> 
  custom:audio-encoder-webm-vorbis: bf7c407c2cedff20999df2af8eb42d56 -> 
  custom:framework-win-MediaFoundation: 216162199b28c13a410421893ffa2e32 -> 
  custom:container-demuxer-ogg: 62fdf1f143b41e24485cea50d1cbac27 -> 
  custom:video-decoder-webm-vp8: 9c59270c3fd7afecdb556c50c9e8de78 -> 
  custom:audio-decoder-ogg-vorbis: bf7c407c2cedff20999df2af8eb42d56 -> 
